<?xml version="1.0" encoding="utf-8"?><testsuites><testsuite name="pytest" errors="0" failures="1" skipped="0" tests="6" time="18.871" timestamp="2022-07-06T08:41:48.577939" hostname="OLI-OMEN"><testcase classname="bumpversion" name="FLAKE8" time="0.050" /><testcase classname="src.pyconverters_grobid.__init__" name="FLAKE8" time="0.023" /><testcase classname="src.pyconverters_grobid.grobid" name="FLAKE8" time="0.083" /><testcase classname="tests.test_grobid" name="FLAKE8" time="0.065"><failure message="/home/olivier/dev/kairntech/pyconverters_grobid/tests/test_grobid.py:43:1: W391 blank line at end of file&#10;">/home/olivier/dev/kairntech/pyconverters_grobid/tests/test_grobid.py:43:1: W391 blank line at end of file
</failure></testcase><testcase classname="tests.test_grobid" name="test_grobid_pdf" time="6.099" /><testcase classname="tests.test_grobid" name="test_grobid_list" time="12.245" /></testsuite></testsuites>